<?xml version="1.0" encoding="UTF-8"?>
<!-- Generated by org.testng.reporters.JUnitXMLReporter -->
<testsuite ignored="0" hostname="DESKTOP-043LPCD" failures="0" tests="3" name="Surefire test" time="10.877" errors="0" timestamp="2026-02-20T10:43:28 IST">
  <testcase classname="com.coneon.automation.ui.HelloWorldTest" name="testAddition" time="0.007"/>
  <testcase classname="com.coneon.automation.ui.HelloWorldTest" name="testException" time="0.0"/>
  <testcase classname="com.coneon.automation.ui.tests.LoginTest" name="testLoginWithMobile" time="5.103"/>
</testsuite> <!-- Surefire test -->
