<?xml version="1.0" encoding="UTF-8"?>
<!-- Generated by org.testng.reporters.JUnitXMLReporter -->
<testsuite ignored="0" hostname="DESKTOP-043LPCD" failures="0" tests="3" name="Surefire test" time="12.423" errors="0" timestamp="2026-02-05T11:17:56 IST">
  <testcase classname="com.coneon.automation.ui.HelloWorldTest" name="testAddition" time="0.001"/>
  <testcase classname="com.coneon.automation.ui.HelloWorldTest" name="testException" time="0.0"/>
  <testcase classname="com.coneon.automation.ui.tests.LoginTest" name="testLoginWithMobile" time="8.779"/>
</testsuite> <!-- Surefire test -->
