<?xml version="1.0" encoding="UTF-8"?>
<!-- Generated by org.testng.reporters.JUnitReportReporter -->
<testsuite hostname="DESKTOP-043LPCD" failures="0" tests="2" name="com.coneon.automation.ui.HelloWorldTest" time="0.001" errors="0" timestamp="2026-02-05T11:17:56 IST" skipped="0">
  <testcase classname="com.coneon.automation.ui.HelloWorldTest" name="testException" time="0.000"/>
  <testcase classname="com.coneon.automation.ui.HelloWorldTest" name="testAddition" time="0.001"/>
</testsuite> <!-- com.coneon.automation.ui.HelloWorldTest -->
